2025-04-18 02:16:53,589 - INFO - Scraping page 1: https://english.wafa.ps/Pages/LastNews?pageNumber=1
2025-04-18 02:16:54,841 - INFO - Found 46 articles with selector div.post-wrap
2025-04-18 02:16:54,910 - INFO - Page 1: Extracted 46 articles
2025-04-18 02:16:54,911 - INFO - Scraping page 2: https://english.wafa.ps/Pages/LastNews?pageNumber=2
2025-04-18 02:16:55,977 - INFO - Found 46 articles with selector div.post-wrap
2025-04-18 02:16:56,032 - INFO - Page 2: Extracted 46 articles
2025-04-18 02:16:56,032 - INFO - Scraping page 3: https://english.wafa.ps/Pages/LastNews?pageNumber=3
2025-04-18 02:16:57,148 - INFO - Found 46 articles with selector div.post-wrap
2025-04-18 02:16:57,203 - INFO - Page 3: Extracted 46 articles
2025-04-18 02:16:57,203 - INFO - Scraping page 4: https://english.wafa.ps/Pages/LastNews?pageNumber=4
2025-04-18 02:16:58,245 - INFO - Found 46 articles with selector div.post-wrap
2025-04-18 02:16:58,299 - INFO - Page 4: Extracted 46 articles
2025-04-18 02:16:58,300 - INFO - Scraping page 5: https://english.wafa.ps/Pages/LastNews?pageNumber=5
2025-04-18 02:16:59,386 - INFO - Found 46 articles with selector div.post-wrap
2025-04-18 02:16:59,439 - INFO - Page 5: Extracted 46 articles
2025-04-18 02:16:59,459 - INFO - Saved 230 articles to wafa_latest_news.csv
2025-04-20 08:41:20,621 - INFO - Scraping page 1: https://english.wafa.ps/Pages/LastNews?pageNumber=1
2025-04-20 08:41:21,966 - INFO - Found 48 articles with selector div.post-wrap
2025-04-20 08:41:22,038 - INFO - Page 1: Extracted 48 articles
2025-04-20 08:41:22,038 - INFO - Scraping page 2: https://english.wafa.ps/Pages/LastNews?pageNumber=2
2025-04-20 08:41:23,290 - INFO - Found 48 articles with selector div.post-wrap
2025-04-20 08:41:23,347 - INFO - Page 2: Extracted 48 articles
2025-04-20 08:41:23,347 - INFO - Scraping page 3: https://english.wafa.ps/Pages/LastNews?pageNumber=3
2025-04-20 08:41:24,098 - INFO - Found 48 articles with selector div.post-wrap
2025-04-20 08:41:24,155 - INFO - Page 3: Extracted 48 articles
2025-04-20 08:41:24,155 - INFO - Scraping page 4: https://english.wafa.ps/Pages/LastNews?pageNumber=4
2025-04-20 08:41:25,401 - INFO - Found 48 articles with selector div.post-wrap
2025-04-20 08:41:25,459 - INFO - Page 4: Extracted 48 articles
2025-04-20 08:41:25,459 - INFO - Scraping page 5: https://english.wafa.ps/Pages/LastNews?pageNumber=5
2025-04-20 08:41:26,855 - INFO - Found 48 articles with selector div.post-wrap
2025-04-20 08:41:26,912 - INFO - Page 5: Extracted 48 articles
2025-04-20 08:41:27,104 - INFO - Saved 201 articles to wafa_latest_news.csv
2025-04-24 01:21:44,536 - INFO - Scraping page 1: https://english.wafa.ps/Pages/LastNews?pageNumber=1
2025-04-24 01:21:46,140 - INFO - Found 47 articles with selector div.post-wrap
2025-04-24 01:21:46,212 - INFO - Page 1: Extracted 47 articles
2025-04-24 01:21:46,212 - INFO - Scraping page 2: https://english.wafa.ps/Pages/LastNews?pageNumber=2
2025-04-24 01:21:47,580 - INFO - Found 47 articles with selector div.post-wrap
2025-04-24 01:21:47,636 - INFO - Page 2: Extracted 47 articles
2025-04-24 01:21:47,636 - INFO - Scraping page 3: https://english.wafa.ps/Pages/LastNews?pageNumber=3
2025-04-24 01:21:49,118 - INFO - Found 47 articles with selector div.post-wrap
2025-04-24 01:21:49,172 - INFO - Page 3: Extracted 47 articles
2025-04-24 01:21:49,172 - INFO - Scraping page 4: https://english.wafa.ps/Pages/LastNews?pageNumber=4
2025-04-24 01:21:50,623 - INFO - Found 47 articles with selector div.post-wrap
2025-04-24 01:21:50,680 - INFO - Page 4: Extracted 47 articles
2025-04-24 01:21:50,680 - INFO - Scraping page 5: https://english.wafa.ps/Pages/LastNews?pageNumber=5
2025-04-24 01:21:51,986 - INFO - Found 47 articles with selector div.post-wrap
2025-04-24 01:21:52,041 - INFO - Page 5: Extracted 47 articles
2025-04-24 01:21:52,354 - INFO - Saved 321 articles to wafa_latest_news.csv
2025-04-24 06:21:12,568 - INFO - Scraping page 1: https://english.wafa.ps/Pages/LastNews?pageNumber=1
2025-04-24 06:21:14,147 - INFO - Found 51 articles with selector div.post-wrap
2025-04-24 06:21:14,223 - INFO - Page 1: Extracted 51 articles
2025-04-24 06:21:14,223 - INFO - Scraping page 2: https://english.wafa.ps/Pages/LastNews?pageNumber=2
2025-04-24 06:21:15,532 - INFO - Found 51 articles with selector div.post-wrap
2025-04-24 06:21:15,592 - INFO - Page 2: Extracted 51 articles
2025-04-24 06:21:15,592 - INFO - Scraping page 3: https://english.wafa.ps/Pages/LastNews?pageNumber=3
2025-04-24 06:21:16,880 - INFO - Found 51 articles with selector div.post-wrap
2025-04-24 06:21:16,940 - INFO - Page 3: Extracted 51 articles
2025-04-24 06:21:16,940 - INFO - Scraping page 4: https://english.wafa.ps/Pages/LastNews?pageNumber=4
2025-04-24 06:21:18,283 - INFO - Found 51 articles with selector div.post-wrap
2025-04-24 06:21:18,343 - INFO - Page 4: Extracted 51 articles
2025-04-24 06:21:18,343 - INFO - Scraping page 5: https://english.wafa.ps/Pages/LastNews?pageNumber=5
2025-04-24 06:21:19,665 - INFO - Found 51 articles with selector div.post-wrap
2025-04-24 06:21:19,725 - INFO - Page 5: Extracted 51 articles
2025-04-24 06:21:20,048 - INFO - Saved 330 articles to wafa_latest_news.csv
2025-04-24 12:29:48,041 - INFO - Scraping page 1: https://english.wafa.ps/Pages/LastNews?pageNumber=1
2025-04-24 12:29:49,085 - INFO - Found 49 articles with selector div.post-wrap
2025-04-24 12:29:49,159 - INFO - Page 1: Extracted 49 articles
2025-04-24 12:29:49,159 - INFO - Scraping page 2: https://english.wafa.ps/Pages/LastNews?pageNumber=2
2025-04-24 12:29:50,088 - INFO - Found 49 articles with selector div.post-wrap
2025-04-24 12:29:50,148 - INFO - Page 2: Extracted 49 articles
2025-04-24 12:29:50,148 - INFO - Scraping page 3: https://english.wafa.ps/Pages/LastNews?pageNumber=3
2025-04-24 12:29:51,263 - INFO - Found 49 articles with selector div.post-wrap
2025-04-24 12:29:51,322 - INFO - Page 3: Extracted 49 articles
2025-04-24 12:29:51,322 - INFO - Scraping page 4: https://english.wafa.ps/Pages/LastNews?pageNumber=4
2025-04-24 12:29:52,247 - INFO - Found 49 articles with selector div.post-wrap
2025-04-24 12:29:52,305 - INFO - Page 4: Extracted 49 articles
2025-04-24 12:29:52,305 - INFO - Scraping page 5: https://english.wafa.ps/Pages/LastNews?pageNumber=5
2025-04-24 12:29:53,224 - INFO - Found 49 articles with selector div.post-wrap
2025-04-24 12:29:53,284 - INFO - Page 5: Extracted 49 articles
2025-04-24 12:29:53,603 - INFO - Saved 361 articles to wafa_latest_news.csv
2025-04-24 18:19:31,631 - INFO - Scraping page 1: https://english.wafa.ps/Pages/LastNews?pageNumber=1
2025-04-24 18:19:33,033 - INFO - Found 52 articles with selector div.post-wrap
2025-04-24 18:19:33,110 - INFO - Page 1: Extracted 52 articles
2025-04-24 18:19:33,110 - INFO - Scraping page 2: https://english.wafa.ps/Pages/LastNews?pageNumber=2
2025-04-24 18:19:34,427 - INFO - Found 52 articles with selector div.post-wrap
2025-04-24 18:19:34,491 - INFO - Page 2: Extracted 52 articles
2025-04-24 18:19:34,491 - INFO - Scraping page 3: https://english.wafa.ps/Pages/LastNews?pageNumber=3
2025-04-24 18:19:35,816 - INFO - Found 52 articles with selector div.post-wrap
2025-04-24 18:19:35,880 - INFO - Page 3: Extracted 52 articles
2025-04-24 18:19:35,880 - INFO - Scraping page 4: https://english.wafa.ps/Pages/LastNews?pageNumber=4
2025-04-24 18:19:37,255 - INFO - Found 52 articles with selector div.post-wrap
2025-04-24 18:19:37,317 - INFO - Page 4: Extracted 52 articles
2025-04-24 18:19:37,317 - INFO - Scraping page 5: https://english.wafa.ps/Pages/LastNews?pageNumber=5
2025-04-24 18:19:38,894 - INFO - Found 52 articles with selector div.post-wrap
2025-04-24 18:19:38,956 - INFO - Page 5: Extracted 52 articles
2025-04-24 18:19:39,336 - INFO - Saved 386 articles to wafa_latest_news.csv
2025-04-25 01:09:44,024 - INFO - Scraping page 1: https://english.wafa.ps/Pages/LastNews?pageNumber=1
2025-04-25 01:09:45,784 - INFO - Found 54 articles with selector div.post-wrap
2025-04-25 01:09:45,863 - INFO - Page 1: Extracted 54 articles
2025-04-25 01:09:45,863 - INFO - Scraping page 2: https://english.wafa.ps/Pages/LastNews?pageNumber=2
2025-04-25 01:09:47,331 - INFO - Found 54 articles with selector div.post-wrap
2025-04-25 01:09:47,396 - INFO - Page 2: Extracted 54 articles
2025-04-25 01:09:47,396 - INFO - Scraping page 3: https://english.wafa.ps/Pages/LastNews?pageNumber=3
2025-04-25 01:09:48,707 - INFO - Found 54 articles with selector div.post-wrap
2025-04-25 01:09:48,771 - INFO - Page 3: Extracted 54 articles
2025-04-25 01:09:48,771 - INFO - Scraping page 4: https://english.wafa.ps/Pages/LastNews?pageNumber=4
2025-04-25 01:09:50,395 - INFO - Found 54 articles with selector div.post-wrap
2025-04-25 01:09:50,459 - INFO - Page 4: Extracted 54 articles
2025-04-25 01:09:50,459 - INFO - Scraping page 5: https://english.wafa.ps/Pages/LastNews?pageNumber=5
2025-04-25 01:09:51,787 - INFO - Found 54 articles with selector div.post-wrap
2025-04-25 01:09:51,851 - INFO - Page 5: Extracted 54 articles
2025-04-25 01:09:52,213 - INFO - Saved 391 articles to wafa_latest_news.csv
2025-04-25 06:20:53,517 - INFO - Scraping page 1: https://english.wafa.ps/Pages/LastNews?pageNumber=1
2025-04-25 06:20:55,001 - INFO - Found 51 articles with selector div.post-wrap
2025-04-25 06:20:55,076 - INFO - Page 1: Extracted 51 articles
2025-04-25 06:20:55,076 - INFO - Scraping page 2: https://english.wafa.ps/Pages/LastNews?pageNumber=2
2025-04-25 06:20:55,419 - INFO - Found 51 articles with selector div.post-wrap
2025-04-25 06:20:55,479 - INFO - Page 2: Extracted 51 articles
2025-04-25 06:20:55,479 - INFO - Scraping page 3: https://english.wafa.ps/Pages/LastNews?pageNumber=3
2025-04-25 06:20:56,813 - INFO - Found 51 articles with selector div.post-wrap
2025-04-25 06:20:56,873 - INFO - Page 3: Extracted 51 articles
2025-04-25 06:20:56,873 - INFO - Scraping page 4: https://english.wafa.ps/Pages/LastNews?pageNumber=4
2025-04-25 06:20:58,184 - INFO - Found 51 articles with selector div.post-wrap
2025-04-25 06:20:58,244 - INFO - Page 4: Extracted 51 articles
2025-04-25 06:20:58,244 - INFO - Scraping page 5: https://english.wafa.ps/Pages/LastNews?pageNumber=5
2025-04-25 06:20:58,572 - INFO - Found 51 articles with selector div.post-wrap
2025-04-25 06:20:58,638 - INFO - Page 5: Extracted 51 articles
2025-04-25 06:20:58,998 - INFO - Saved 397 articles to wafa_latest_news.csv
2025-04-25 12:29:03,074 - INFO - Scraping page 1: https://english.wafa.ps/Pages/LastNews?pageNumber=1
2025-04-25 12:29:04,302 - INFO - Found 47 articles with selector div.post-wrap
2025-04-25 12:29:04,375 - INFO - Page 1: Extracted 47 articles
2025-04-25 12:29:04,375 - INFO - Scraping page 2: https://english.wafa.ps/Pages/LastNews?pageNumber=2
2025-04-25 12:29:05,538 - INFO - Found 47 articles with selector div.post-wrap
2025-04-25 12:29:05,595 - INFO - Page 2: Extracted 47 articles
2025-04-25 12:29:05,595 - INFO - Scraping page 3: https://english.wafa.ps/Pages/LastNews?pageNumber=3
2025-04-25 12:29:06,776 - INFO - Found 47 articles with selector div.post-wrap
2025-04-25 12:29:06,833 - INFO - Page 3: Extracted 47 articles
2025-04-25 12:29:06,833 - INFO - Scraping page 4: https://english.wafa.ps/Pages/LastNews?pageNumber=4
2025-04-25 12:29:07,958 - INFO - Found 47 articles with selector div.post-wrap
2025-04-25 12:29:08,013 - INFO - Page 4: Extracted 47 articles
2025-04-25 12:29:08,013 - INFO - Scraping page 5: https://english.wafa.ps/Pages/LastNews?pageNumber=5
2025-04-25 12:29:09,198 - INFO - Found 47 articles with selector div.post-wrap
2025-04-25 12:29:09,252 - INFO - Page 5: Extracted 47 articles
2025-04-25 12:29:09,637 - INFO - Saved 417 articles to wafa_latest_news.csv
2025-04-25 18:19:53,105 - INFO - Scraping page 1: https://english.wafa.ps/Pages/LastNews?pageNumber=1
2025-04-25 18:19:54,484 - INFO - Found 45 articles with selector div.post-wrap
2025-04-25 18:19:54,552 - INFO - Page 1: Extracted 45 articles
2025-04-25 18:19:54,552 - INFO - Scraping page 2: https://english.wafa.ps/Pages/LastNews?pageNumber=2
2025-04-25 18:19:55,865 - INFO - Found 45 articles with selector div.post-wrap
2025-04-25 18:19:55,918 - INFO - Page 2: Extracted 45 articles
2025-04-25 18:19:55,918 - INFO - Scraping page 3: https://english.wafa.ps/Pages/LastNews?pageNumber=3
2025-04-25 18:19:56,230 - INFO - Found 45 articles with selector div.post-wrap
2025-04-25 18:19:56,285 - INFO - Page 3: Extracted 45 articles
2025-04-25 18:19:56,285 - INFO - Scraping page 4: https://english.wafa.ps/Pages/LastNews?pageNumber=4
2025-04-25 18:19:57,620 - INFO - Found 45 articles with selector div.post-wrap
2025-04-25 18:19:57,674 - INFO - Page 4: Extracted 45 articles
2025-04-25 18:19:57,674 - INFO - Scraping page 5: https://english.wafa.ps/Pages/LastNews?pageNumber=5
2025-04-25 18:19:59,008 - INFO - Found 45 articles with selector div.post-wrap
2025-04-25 18:19:59,062 - INFO - Page 5: Extracted 45 articles
2025-04-25 18:19:59,466 - INFO - Saved 436 articles to wafa_latest_news.csv
2025-04-26 01:07:07,571 - INFO - Scraping page 1: https://english.wafa.ps/Pages/LastNews?pageNumber=1
2025-04-26 01:07:08,738 - INFO - Found 46 articles with selector div.post-wrap
2025-04-26 01:07:08,808 - INFO - Page 1: Extracted 46 articles
2025-04-26 01:07:08,808 - INFO - Scraping page 2: https://english.wafa.ps/Pages/LastNews?pageNumber=2
2025-04-26 01:07:09,827 - INFO - Found 46 articles with selector div.post-wrap
2025-04-26 01:07:09,882 - INFO - Page 2: Extracted 46 articles
2025-04-26 01:07:09,882 - INFO - Scraping page 3: https://english.wafa.ps/Pages/LastNews?pageNumber=3
2025-04-26 01:07:10,917 - INFO - Found 46 articles with selector div.post-wrap
2025-04-26 01:07:10,973 - INFO - Page 3: Extracted 46 articles
2025-04-26 01:07:10,973 - INFO - Scraping page 4: https://english.wafa.ps/Pages/LastNews?pageNumber=4
2025-04-26 01:07:12,020 - INFO - Found 46 articles with selector div.post-wrap
2025-04-26 01:07:12,074 - INFO - Page 4: Extracted 46 articles
2025-04-26 01:07:12,074 - INFO - Scraping page 5: https://english.wafa.ps/Pages/LastNews?pageNumber=5
2025-04-26 01:07:13,103 - INFO - Found 46 articles with selector div.post-wrap
2025-04-26 01:07:13,158 - INFO - Page 5: Extracted 46 articles
2025-04-26 01:07:13,566 - INFO - Saved 445 articles to wafa_latest_news.csv
2025-04-26 06:18:46,079 - INFO - Scraping page 1: https://english.wafa.ps/Pages/LastNews?pageNumber=1
2025-04-26 06:18:47,121 - INFO - Found 45 articles with selector div.post-wrap
2025-04-26 06:18:47,190 - INFO - Page 1: Extracted 45 articles
2025-04-26 06:18:47,190 - INFO - Scraping page 2: https://english.wafa.ps/Pages/LastNews?pageNumber=2
2025-04-26 06:18:48,116 - INFO - Found 45 articles with selector div.post-wrap
2025-04-26 06:18:48,170 - INFO - Page 2: Extracted 45 articles
2025-04-26 06:18:48,170 - INFO - Scraping page 3: https://english.wafa.ps/Pages/LastNews?pageNumber=3
2025-04-26 06:18:48,906 - INFO - Found 46 articles with selector div.post-wrap
2025-04-26 06:18:48,962 - INFO - Page 3: Extracted 46 articles
2025-04-26 06:18:48,962 - INFO - Scraping page 4: https://english.wafa.ps/Pages/LastNews?pageNumber=4
2025-04-26 06:18:49,921 - INFO - Found 46 articles with selector div.post-wrap
2025-04-26 06:18:49,976 - INFO - Page 4: Extracted 46 articles
2025-04-26 06:18:49,976 - INFO - Scraping page 5: https://english.wafa.ps/Pages/LastNews?pageNumber=5
2025-04-26 06:18:50,887 - INFO - Found 46 articles with selector div.post-wrap
2025-04-26 06:18:50,942 - INFO - Page 5: Extracted 46 articles
2025-04-26 06:18:51,338 - INFO - Saved 449 articles to wafa_latest_news.csv
2025-04-26 12:25:32,656 - INFO - Scraping page 1: https://english.wafa.ps/Pages/LastNews?pageNumber=1
2025-04-26 12:25:33,891 - INFO - Found 49 articles with selector div.post-wrap
2025-04-26 12:25:33,964 - INFO - Page 1: Extracted 49 articles
2025-04-26 12:25:33,964 - INFO - Scraping page 2: https://english.wafa.ps/Pages/LastNews?pageNumber=2
2025-04-26 12:25:34,891 - INFO - Found 49 articles with selector div.post-wrap
2025-04-26 12:25:34,949 - INFO - Page 2: Extracted 49 articles
2025-04-26 12:25:34,949 - INFO - Scraping page 3: https://english.wafa.ps/Pages/LastNews?pageNumber=3
2025-04-26 12:25:35,896 - INFO - Found 49 articles with selector div.post-wrap
2025-04-26 12:25:35,955 - INFO - Page 3: Extracted 49 articles
2025-04-26 12:25:35,955 - INFO - Scraping page 4: https://english.wafa.ps/Pages/LastNews?pageNumber=4
2025-04-26 12:25:36,916 - INFO - Found 49 articles with selector div.post-wrap
2025-04-26 12:25:36,976 - INFO - Page 4: Extracted 49 articles
2025-04-26 12:25:36,976 - INFO - Scraping page 5: https://english.wafa.ps/Pages/LastNews?pageNumber=5
2025-04-26 12:25:37,901 - INFO - Found 49 articles with selector div.post-wrap
2025-04-26 12:25:37,960 - INFO - Page 5: Extracted 49 articles
2025-04-26 12:25:38,380 - INFO - Saved 475 articles to wafa_latest_news.csv
2025-04-26 18:17:46,087 - INFO - Scraping page 1: https://english.wafa.ps/Pages/LastNews?pageNumber=1
2025-04-26 18:17:47,209 - INFO - Found 49 articles with selector div.post-wrap
2025-04-26 18:17:47,282 - INFO - Page 1: Extracted 49 articles
2025-04-26 18:17:47,283 - INFO - Scraping page 2: https://english.wafa.ps/Pages/LastNews?pageNumber=2
2025-04-26 18:17:48,375 - INFO - Found 49 articles with selector div.post-wrap
2025-04-26 18:17:48,433 - INFO - Page 2: Extracted 49 articles
2025-04-26 18:17:48,433 - INFO - Scraping page 3: https://english.wafa.ps/Pages/LastNews?pageNumber=3
2025-04-26 18:17:49,582 - INFO - Found 49 articles with selector div.post-wrap
2025-04-26 18:17:49,641 - INFO - Page 3: Extracted 49 articles
2025-04-26 18:17:49,641 - INFO - Scraping page 4: https://english.wafa.ps/Pages/LastNews?pageNumber=4
2025-04-26 18:17:50,733 - INFO - Found 49 articles with selector div.post-wrap
2025-04-26 18:17:50,791 - INFO - Page 4: Extracted 49 articles
2025-04-26 18:17:50,791 - INFO - Scraping page 5: https://english.wafa.ps/Pages/LastNews?pageNumber=5
2025-04-26 18:17:51,852 - INFO - Found 49 articles with selector div.post-wrap
2025-04-26 18:17:51,911 - INFO - Page 5: Extracted 49 articles
2025-04-26 18:17:52,351 - INFO - Saved 495 articles to wafa_latest_news.csv
2025-04-27 01:13:48,523 - INFO - Scraping page 1: https://english.wafa.ps/Pages/LastNews?pageNumber=1
2025-04-27 01:13:49,913 - INFO - Found 46 articles with selector div.post-wrap
2025-04-27 01:13:49,985 - INFO - Page 1: Extracted 46 articles
2025-04-27 01:13:49,985 - INFO - Scraping page 2: https://english.wafa.ps/Pages/LastNews?pageNumber=2
2025-04-27 01:13:51,299 - INFO - Found 46 articles with selector div.post-wrap
2025-04-27 01:13:51,353 - INFO - Page 2: Extracted 46 articles
2025-04-27 01:13:51,353 - INFO - Scraping page 3: https://english.wafa.ps/Pages/LastNews?pageNumber=3
2025-04-27 01:13:52,637 - INFO - Found 46 articles with selector div.post-wrap
2025-04-27 01:13:52,695 - INFO - Page 3: Extracted 46 articles
2025-04-27 01:13:52,695 - INFO - Scraping page 4: https://english.wafa.ps/Pages/LastNews?pageNumber=4
2025-04-27 01:13:54,021 - INFO - Found 46 articles with selector div.post-wrap
2025-04-27 01:13:54,077 - INFO - Page 4: Extracted 46 articles
2025-04-27 01:13:54,077 - INFO - Scraping page 5: https://english.wafa.ps/Pages/LastNews?pageNumber=5
2025-04-27 01:13:55,395 - INFO - Found 46 articles with selector div.post-wrap
2025-04-27 01:13:55,452 - INFO - Page 5: Extracted 46 articles
2025-04-27 01:13:55,897 - INFO - Saved 495 articles to wafa_latest_news.csv
2025-04-27 06:19:15,991 - INFO - Scraping page 1: https://english.wafa.ps/Pages/LastNews?pageNumber=1
2025-04-27 06:19:17,023 - INFO - Found 46 articles with selector div.post-wrap
2025-04-27 06:19:17,093 - INFO - Page 1: Extracted 46 articles
2025-04-27 06:19:17,093 - INFO - Scraping page 2: https://english.wafa.ps/Pages/LastNews?pageNumber=2
2025-04-27 06:19:19,154 - INFO - Found 46 articles with selector div.post-wrap
2025-04-27 06:19:19,209 - INFO - Page 2: Extracted 46 articles
2025-04-27 06:19:19,209 - INFO - Scraping page 3: https://english.wafa.ps/Pages/LastNews?pageNumber=3
2025-04-27 06:19:20,288 - INFO - Found 46 articles with selector div.post-wrap
2025-04-27 06:19:20,343 - INFO - Page 3: Extracted 46 articles
2025-04-27 06:19:20,343 - INFO - Scraping page 4: https://english.wafa.ps/Pages/LastNews?pageNumber=4
2025-04-27 06:19:21,311 - INFO - Found 46 articles with selector div.post-wrap
2025-04-27 06:19:21,368 - INFO - Page 4: Extracted 46 articles
2025-04-27 06:19:21,368 - INFO - Scraping page 5: https://english.wafa.ps/Pages/LastNews?pageNumber=5
2025-04-27 06:19:22,304 - INFO - Found 46 articles with selector div.post-wrap
2025-04-27 06:19:22,360 - INFO - Page 5: Extracted 46 articles
2025-04-27 06:19:22,797 - INFO - Saved 501 articles to wafa_latest_news.csv
2025-04-27 12:25:39,930 - INFO - Scraping page 1: https://english.wafa.ps/Pages/LastNews?pageNumber=1
2025-04-27 12:25:41,117 - INFO - Found 46 articles with selector div.post-wrap
2025-04-27 12:25:41,188 - INFO - Page 1: Extracted 46 articles
2025-04-27 12:25:41,189 - INFO - Scraping page 2: https://english.wafa.ps/Pages/LastNews?pageNumber=2
2025-04-27 12:25:42,272 - INFO - Found 46 articles with selector div.post-wrap
2025-04-27 12:25:42,327 - INFO - Page 2: Extracted 46 articles
2025-04-27 12:25:42,327 - INFO - Scraping page 3: https://english.wafa.ps/Pages/LastNews?pageNumber=3
2025-04-27 12:25:43,388 - INFO - Found 46 articles with selector div.post-wrap
2025-04-27 12:25:43,443 - INFO - Page 3: Extracted 46 articles
2025-04-27 12:25:43,443 - INFO - Scraping page 4: https://english.wafa.ps/Pages/LastNews?pageNumber=4
2025-04-27 12:25:44,479 - INFO - Found 46 articles with selector div.post-wrap
2025-04-27 12:25:44,533 - INFO - Page 4: Extracted 46 articles
2025-04-27 12:25:44,533 - INFO - Scraping page 5: https://english.wafa.ps/Pages/LastNews?pageNumber=5
2025-04-27 12:25:45,541 - INFO - Found 46 articles with selector div.post-wrap
2025-04-27 12:25:45,597 - INFO - Page 5: Extracted 46 articles
2025-04-27 12:25:46,069 - INFO - Saved 526 articles to wafa_latest_news.csv
2025-04-27 18:18:07,243 - INFO - Scraping page 1: https://english.wafa.ps/Pages/LastNews?pageNumber=1
2025-04-27 18:18:08,319 - INFO - Found 46 articles with selector div.post-wrap
2025-04-27 18:18:08,391 - INFO - Page 1: Extracted 46 articles
2025-04-27 18:18:08,391 - INFO - Scraping page 2: https://english.wafa.ps/Pages/LastNews?pageNumber=2
2025-04-27 18:18:09,312 - INFO - Found 46 articles with selector div.post-wrap
2025-04-27 18:18:09,366 - INFO - Page 2: Extracted 46 articles
2025-04-27 18:18:09,367 - INFO - Scraping page 3: https://english.wafa.ps/Pages/LastNews?pageNumber=3
2025-04-27 18:18:10,267 - INFO - Found 46 articles with selector div.post-wrap
2025-04-27 18:18:10,322 - INFO - Page 3: Extracted 46 articles
2025-04-27 18:18:10,322 - INFO - Scraping page 4: https://english.wafa.ps/Pages/LastNews?pageNumber=4
2025-04-27 18:18:11,228 - INFO - Found 46 articles with selector div.post-wrap
2025-04-27 18:18:11,283 - INFO - Page 4: Extracted 46 articles
2025-04-27 18:18:11,283 - INFO - Scraping page 5: https://english.wafa.ps/Pages/LastNews?pageNumber=5
2025-04-27 18:18:12,251 - INFO - Found 46 articles with selector div.post-wrap
2025-04-27 18:18:12,306 - INFO - Page 5: Extracted 46 articles
2025-04-27 18:18:12,796 - INFO - Saved 544 articles to wafa_latest_news.csv
2025-04-28 01:11:50,268 - INFO - Scraping page 1: https://english.wafa.ps/Pages/LastNews?pageNumber=1
2025-04-28 01:11:51,338 - INFO - Found 46 articles with selector div.post-wrap
2025-04-28 01:11:51,411 - INFO - Page 1: Extracted 46 articles
2025-04-28 01:11:51,411 - INFO - Scraping page 2: https://english.wafa.ps/Pages/LastNews?pageNumber=2
2025-04-28 01:11:52,458 - INFO - Found 46 articles with selector div.post-wrap
2025-04-28 01:11:52,513 - INFO - Page 2: Extracted 46 articles
2025-04-28 01:11:52,513 - INFO - Scraping page 3: https://english.wafa.ps/Pages/LastNews?pageNumber=3
2025-04-28 01:11:53,453 - INFO - Found 46 articles with selector div.post-wrap
2025-04-28 01:11:53,508 - INFO - Page 3: Extracted 46 articles
2025-04-28 01:11:53,509 - INFO - Scraping page 4: https://english.wafa.ps/Pages/LastNews?pageNumber=4
2025-04-28 01:11:54,530 - INFO - Found 46 articles with selector div.post-wrap
2025-04-28 01:11:54,585 - INFO - Page 4: Extracted 46 articles
2025-04-28 01:11:54,585 - INFO - Scraping page 5: https://english.wafa.ps/Pages/LastNews?pageNumber=5
2025-04-28 01:11:55,708 - INFO - Found 46 articles with selector div.post-wrap
2025-04-28 01:11:55,764 - INFO - Page 5: Extracted 46 articles
2025-04-28 01:11:56,256 - INFO - Saved 544 articles to wafa_latest_news.csv
2025-04-28 06:28:31,075 - INFO - Scraping page 1: https://english.wafa.ps/Pages/LastNews?pageNumber=1
2025-04-28 06:28:32,175 - INFO - Found 46 articles with selector div.post-wrap
2025-04-28 06:28:32,245 - INFO - Page 1: Extracted 46 articles
2025-04-28 06:28:32,245 - INFO - Scraping page 2: https://english.wafa.ps/Pages/LastNews?pageNumber=2
2025-04-28 06:28:33,312 - INFO - Found 46 articles with selector div.post-wrap
2025-04-28 06:28:33,366 - INFO - Page 2: Extracted 46 articles
2025-04-28 06:28:33,366 - INFO - Scraping page 3: https://english.wafa.ps/Pages/LastNews?pageNumber=3
2025-04-28 06:28:34,379 - INFO - Found 46 articles with selector div.post-wrap
2025-04-28 06:28:34,433 - INFO - Page 3: Extracted 46 articles
2025-04-28 06:28:34,433 - INFO - Scraping page 4: https://english.wafa.ps/Pages/LastNews?pageNumber=4
2025-04-28 06:28:35,461 - INFO - Found 46 articles with selector div.post-wrap
2025-04-28 06:28:35,516 - INFO - Page 4: Extracted 46 articles
2025-04-28 06:28:35,517 - INFO - Scraping page 5: https://english.wafa.ps/Pages/LastNews?pageNumber=5
2025-04-28 06:28:36,537 - INFO - Found 46 articles with selector div.post-wrap
2025-04-28 06:28:36,592 - INFO - Page 5: Extracted 46 articles
2025-04-28 06:28:37,061 - INFO - Saved 548 articles to wafa_latest_news.csv
2025-04-28 12:29:01,531 - INFO - Scraping page 1: https://english.wafa.ps/Pages/LastNews?pageNumber=1
2025-04-28 12:29:02,604 - INFO - Found 44 articles with selector div.post-wrap
2025-04-28 12:29:02,672 - INFO - Page 1: Extracted 44 articles
2025-04-28 12:29:02,672 - INFO - Scraping page 2: https://english.wafa.ps/Pages/LastNews?pageNumber=2
2025-04-28 12:29:03,604 - INFO - Found 44 articles with selector div.post-wrap
2025-04-28 12:29:03,657 - INFO - Page 2: Extracted 44 articles
2025-04-28 12:29:03,657 - INFO - Scraping page 3: https://english.wafa.ps/Pages/LastNews?pageNumber=3
2025-04-28 12:29:04,618 - INFO - Found 44 articles with selector div.post-wrap
2025-04-28 12:29:04,670 - INFO - Page 3: Extracted 44 articles
2025-04-28 12:29:04,670 - INFO - Scraping page 4: https://english.wafa.ps/Pages/LastNews?pageNumber=4
2025-04-28 12:29:05,584 - INFO - Found 44 articles with selector div.post-wrap
2025-04-28 12:29:05,636 - INFO - Page 4: Extracted 44 articles
2025-04-28 12:29:05,636 - INFO - Scraping page 5: https://english.wafa.ps/Pages/LastNews?pageNumber=5
2025-04-28 12:29:06,554 - INFO - Found 44 articles with selector div.post-wrap
2025-04-28 12:29:06,606 - INFO - Page 5: Extracted 44 articles
2025-04-28 12:29:07,125 - INFO - Saved 578 articles to wafa_latest_news.csv
2025-04-28 18:20:54,539 - INFO - Scraping page 1: https://english.wafa.ps/Pages/LastNews?pageNumber=1
2025-04-28 18:20:55,623 - INFO - Found 46 articles with selector div.post-wrap
2025-04-28 18:20:55,692 - INFO - Page 1: Extracted 46 articles
2025-04-28 18:20:55,692 - INFO - Scraping page 2: https://english.wafa.ps/Pages/LastNews?pageNumber=2
2025-04-28 18:20:56,699 - INFO - Found 46 articles with selector div.post-wrap
2025-04-28 18:20:56,756 - INFO - Page 2: Extracted 46 articles
2025-04-28 18:20:56,756 - INFO - Scraping page 3: https://english.wafa.ps/Pages/LastNews?pageNumber=3
2025-04-28 18:20:57,753 - INFO - Found 46 articles with selector div.post-wrap
2025-04-28 18:20:57,808 - INFO - Page 3: Extracted 46 articles
2025-04-28 18:20:57,808 - INFO - Scraping page 4: https://english.wafa.ps/Pages/LastNews?pageNumber=4
2025-04-28 18:20:58,753 - INFO - Found 46 articles with selector div.post-wrap
2025-04-28 18:20:58,807 - INFO - Page 4: Extracted 46 articles
2025-04-28 18:20:58,808 - INFO - Scraping page 5: https://english.wafa.ps/Pages/LastNews?pageNumber=5
2025-04-28 18:20:59,762 - INFO - Found 46 articles with selector div.post-wrap
2025-04-28 18:20:59,817 - INFO - Page 5: Extracted 46 articles
2025-04-28 18:21:00,352 - INFO - Saved 593 articles to wafa_latest_news.csv
2025-04-29 01:09:52,400 - INFO - Scraping page 1: https://english.wafa.ps/Pages/LastNews?pageNumber=1
2025-04-29 01:09:54,132 - INFO - Found 46 articles with selector div.post-wrap
2025-04-29 01:09:54,202 - INFO - Page 1: Extracted 46 articles
2025-04-29 01:09:54,202 - INFO - Scraping page 2: https://english.wafa.ps/Pages/LastNews?pageNumber=2
2025-04-29 01:09:55,373 - INFO - Found 46 articles with selector div.post-wrap
2025-04-29 01:09:55,428 - INFO - Page 2: Extracted 46 articles
2025-04-29 01:09:55,429 - INFO - Scraping page 3: https://english.wafa.ps/Pages/LastNews?pageNumber=3
2025-04-29 01:09:56,749 - INFO - Found 46 articles with selector div.post-wrap
2025-04-29 01:09:56,804 - INFO - Page 3: Extracted 46 articles
2025-04-29 01:09:56,804 - INFO - Scraping page 4: https://english.wafa.ps/Pages/LastNews?pageNumber=4
2025-04-29 01:09:58,113 - INFO - Found 46 articles with selector div.post-wrap
2025-04-29 01:09:58,168 - INFO - Page 4: Extracted 46 articles
2025-04-29 01:09:58,168 - INFO - Scraping page 5: https://english.wafa.ps/Pages/LastNews?pageNumber=5
2025-04-29 01:09:59,461 - INFO - Found 46 articles with selector div.post-wrap
2025-04-29 01:09:59,514 - INFO - Page 5: Extracted 46 articles
2025-04-29 01:10:00,050 - INFO - Saved 593 articles to wafa_latest_news.csv
2025-04-29 06:21:41,120 - INFO - Scraping page 1: https://english.wafa.ps/Pages/LastNews?pageNumber=1
2025-04-29 06:21:42,197 - INFO - Found 48 articles with selector div.post-wrap
2025-04-29 06:21:42,269 - INFO - Page 1: Extracted 48 articles
2025-04-29 06:21:42,269 - INFO - Scraping page 2: https://english.wafa.ps/Pages/LastNews?pageNumber=2
2025-04-29 06:21:43,174 - INFO - Found 48 articles with selector div.post-wrap
2025-04-29 06:21:43,232 - INFO - Page 2: Extracted 48 articles
2025-04-29 06:21:43,232 - INFO - Scraping page 3: https://english.wafa.ps/Pages/LastNews?pageNumber=3
2025-04-29 06:21:44,184 - INFO - Found 48 articles with selector div.post-wrap
2025-04-29 06:21:44,243 - INFO - Page 3: Extracted 48 articles
2025-04-29 06:21:44,243 - INFO - Scraping page 4: https://english.wafa.ps/Pages/LastNews?pageNumber=4
2025-04-29 06:21:45,163 - INFO - Found 48 articles with selector div.post-wrap
2025-04-29 06:21:45,220 - INFO - Page 4: Extracted 48 articles
2025-04-29 06:21:45,221 - INFO - Scraping page 5: https://english.wafa.ps/Pages/LastNews?pageNumber=5
2025-04-29 06:21:46,140 - INFO - Found 48 articles with selector div.post-wrap
2025-04-29 06:21:46,198 - INFO - Page 5: Extracted 48 articles
2025-04-29 06:21:46,721 - INFO - Saved 604 articles to wafa_latest_news.csv
2025-04-29 12:30:39,596 - INFO - Scraping page 1: https://english.wafa.ps/Pages/LastNews?pageNumber=1
2025-04-29 12:30:40,670 - INFO - Found 47 articles with selector div.post-wrap
2025-04-29 12:30:40,744 - INFO - Page 1: Extracted 47 articles
2025-04-29 12:30:40,744 - INFO - Scraping page 2: https://english.wafa.ps/Pages/LastNews?pageNumber=2
2025-04-29 12:30:42,258 - INFO - Found 47 articles with selector div.post-wrap
2025-04-29 12:30:42,314 - INFO - Page 2: Extracted 47 articles
2025-04-29 12:30:42,314 - INFO - Scraping page 3: https://english.wafa.ps/Pages/LastNews?pageNumber=3
2025-04-29 12:30:43,317 - INFO - Found 47 articles with selector div.post-wrap
2025-04-29 12:30:43,373 - INFO - Page 3: Extracted 47 articles
2025-04-29 12:30:43,373 - INFO - Scraping page 4: https://english.wafa.ps/Pages/LastNews?pageNumber=4
2025-04-29 12:30:44,342 - INFO - Found 47 articles with selector div.post-wrap
2025-04-29 12:30:44,398 - INFO - Page 4: Extracted 47 articles
2025-04-29 12:30:44,398 - INFO - Scraping page 5: https://english.wafa.ps/Pages/LastNews?pageNumber=5
2025-04-29 12:30:45,368 - INFO - Found 47 articles with selector div.post-wrap
2025-04-29 12:30:45,423 - INFO - Page 5: Extracted 47 articles
2025-04-29 12:30:45,969 - INFO - Saved 632 articles to wafa_latest_news.csv
2025-04-29 18:20:24,544 - INFO - Scraping page 1: https://english.wafa.ps/Pages/LastNews?pageNumber=1
2025-04-29 18:20:25,563 - INFO - Found 54 articles with selector div.post-wrap
2025-04-29 18:20:25,643 - INFO - Page 1: Extracted 54 articles
2025-04-29 18:20:25,643 - INFO - Scraping page 2: https://english.wafa.ps/Pages/LastNews?pageNumber=2
2025-04-29 18:20:26,598 - INFO - Found 54 articles with selector div.post-wrap
2025-04-29 18:20:26,662 - INFO - Page 2: Extracted 54 articles
2025-04-29 18:20:26,662 - INFO - Scraping page 3: https://english.wafa.ps/Pages/LastNews?pageNumber=3
2025-04-29 18:20:27,603 - INFO - Found 54 articles with selector div.post-wrap
2025-04-29 18:20:27,667 - INFO - Page 3: Extracted 54 articles
2025-04-29 18:20:27,668 - INFO - Scraping page 4: https://english.wafa.ps/Pages/LastNews?pageNumber=4
2025-04-29 18:20:28,351 - INFO - Found 54 articles with selector div.post-wrap
2025-04-29 18:20:28,414 - INFO - Page 4: Extracted 54 articles
2025-04-29 18:20:28,414 - INFO - Scraping page 5: https://english.wafa.ps/Pages/LastNews?pageNumber=5
2025-04-29 18:20:29,351 - INFO - Found 54 articles with selector div.post-wrap
2025-04-29 18:20:29,415 - INFO - Page 5: Extracted 54 articles
2025-04-29 18:20:29,993 - INFO - Saved 662 articles to wafa_latest_news.csv
2025-04-30 01:10:10,699 - INFO - Scraping page 1: https://english.wafa.ps/Pages/LastNews?pageNumber=1
2025-04-30 01:10:12,089 - INFO - Found 54 articles with selector div.post-wrap
2025-04-30 01:10:12,167 - INFO - Page 1: Extracted 54 articles
2025-04-30 01:10:12,167 - INFO - Scraping page 2: https://english.wafa.ps/Pages/LastNews?pageNumber=2
2025-04-30 01:10:13,527 - INFO - Found 54 articles with selector div.post-wrap
2025-04-30 01:10:13,588 - INFO - Page 2: Extracted 54 articles
2025-04-30 01:10:13,588 - INFO - Scraping page 3: https://english.wafa.ps/Pages/LastNews?pageNumber=3
2025-04-30 01:10:14,938 - INFO - Found 54 articles with selector div.post-wrap
2025-04-30 01:10:14,998 - INFO - Page 3: Extracted 54 articles
2025-04-30 01:10:14,998 - INFO - Scraping page 4: https://english.wafa.ps/Pages/LastNews?pageNumber=4
2025-04-30 01:10:16,349 - INFO - Found 54 articles with selector div.post-wrap
2025-04-30 01:10:16,410 - INFO - Page 4: Extracted 54 articles
2025-04-30 01:10:16,410 - INFO - Scraping page 5: https://english.wafa.ps/Pages/LastNews?pageNumber=5
2025-04-30 01:10:17,751 - INFO - Found 54 articles with selector div.post-wrap
2025-04-30 01:10:17,815 - INFO - Page 5: Extracted 54 articles
2025-04-30 01:10:18,394 - INFO - Saved 662 articles to wafa_latest_news.csv
2025-04-30 06:21:05,901 - INFO - Scraping page 1: https://english.wafa.ps/Pages/LastNews?pageNumber=1
2025-04-30 06:21:07,358 - INFO - Found 52 articles with selector div.post-wrap
2025-04-30 06:21:07,437 - INFO - Page 1: Extracted 52 articles
2025-04-30 06:21:07,437 - INFO - Scraping page 2: https://english.wafa.ps/Pages/LastNews?pageNumber=2
2025-04-30 06:21:08,983 - INFO - Found 52 articles with selector div.post-wrap
2025-04-30 06:21:09,045 - INFO - Page 2: Extracted 52 articles
2025-04-30 06:21:09,045 - INFO - Scraping page 3: https://english.wafa.ps/Pages/LastNews?pageNumber=3
2025-04-30 06:21:10,327 - INFO - Found 52 articles with selector div.post-wrap
2025-04-30 06:21:10,389 - INFO - Page 3: Extracted 52 articles
2025-04-30 06:21:10,390 - INFO - Scraping page 4: https://english.wafa.ps/Pages/LastNews?pageNumber=4
2025-04-30 06:21:11,733 - INFO - Found 52 articles with selector div.post-wrap
2025-04-30 06:21:11,798 - INFO - Page 4: Extracted 52 articles
2025-04-30 06:21:11,798 - INFO - Scraping page 5: https://english.wafa.ps/Pages/LastNews?pageNumber=5
2025-04-30 06:21:12,105 - INFO - Found 52 articles with selector div.post-wrap
2025-04-30 06:21:12,166 - INFO - Page 5: Extracted 52 articles
2025-04-30 06:21:12,757 - INFO - Saved 666 articles to wafa_latest_news.csv
2025-04-30 12:28:42,955 - INFO - Scraping page 1: https://english.wafa.ps/Pages/LastNews?pageNumber=1
2025-04-30 12:28:44,065 - INFO - Found 51 articles with selector div.post-wrap
2025-04-30 12:28:44,143 - INFO - Page 1: Extracted 51 articles
2025-04-30 12:28:44,143 - INFO - Scraping page 2: https://english.wafa.ps/Pages/LastNews?pageNumber=2
2025-04-30 12:28:45,061 - INFO - Found 51 articles with selector div.post-wrap
2025-04-30 12:28:45,127 - INFO - Page 2: Extracted 51 articles
2025-04-30 12:28:45,127 - INFO - Scraping page 3: https://english.wafa.ps/Pages/LastNews?pageNumber=3
2025-04-30 12:28:46,092 - INFO - Found 51 articles with selector div.post-wrap
2025-04-30 12:28:46,153 - INFO - Page 3: Extracted 51 articles
2025-04-30 12:28:46,153 - INFO - Scraping page 4: https://english.wafa.ps/Pages/LastNews?pageNumber=4
2025-04-30 12:28:47,072 - INFO - Found 51 articles with selector div.post-wrap
2025-04-30 12:28:47,134 - INFO - Page 4: Extracted 51 articles
2025-04-30 12:28:47,134 - INFO - Scraping page 5: https://english.wafa.ps/Pages/LastNews?pageNumber=5
2025-04-30 12:28:48,069 - INFO - Found 51 articles with selector div.post-wrap
2025-04-30 12:28:48,131 - INFO - Page 5: Extracted 51 articles
2025-04-30 12:28:48,792 - INFO - Saved 693 articles to wafa_latest_news.csv
2025-04-30 18:20:33,728 - INFO - Scraping page 1: https://english.wafa.ps/Pages/LastNews?pageNumber=1
2025-04-30 18:20:34,873 - INFO - Found 44 articles with selector div.post-wrap
2025-04-30 18:20:34,942 - INFO - Page 1: Extracted 44 articles
2025-04-30 18:20:34,942 - INFO - Scraping page 2: https://english.wafa.ps/Pages/LastNews?pageNumber=2
2025-04-30 18:20:35,983 - INFO - Found 44 articles with selector div.post-wrap
2025-04-30 18:20:36,036 - INFO - Page 2: Extracted 44 articles
2025-04-30 18:20:36,036 - INFO - Scraping page 3: https://english.wafa.ps/Pages/LastNews?pageNumber=3
2025-04-30 18:20:37,098 - INFO - Found 44 articles with selector div.post-wrap
2025-04-30 18:20:37,151 - INFO - Page 3: Extracted 44 articles
2025-04-30 18:20:37,151 - INFO - Scraping page 4: https://english.wafa.ps/Pages/LastNews?pageNumber=4
2025-04-30 18:20:38,176 - INFO - Found 44 articles with selector div.post-wrap
2025-04-30 18:20:38,229 - INFO - Page 4: Extracted 44 articles
2025-04-30 18:20:38,229 - INFO - Scraping page 5: https://english.wafa.ps/Pages/LastNews?pageNumber=5
2025-04-30 18:20:39,275 - INFO - Found 44 articles with selector div.post-wrap
2025-04-30 18:20:39,327 - INFO - Page 5: Extracted 44 articles
2025-04-30 18:20:39,953 - INFO - Saved 710 articles to wafa_latest_news.csv
2025-05-01 01:16:18,271 - INFO - Scraping page 1: https://english.wafa.ps/Pages/LastNews?pageNumber=1
2025-05-01 01:16:19,303 - INFO - Found 45 articles with selector div.post-wrap
2025-05-01 01:16:19,374 - INFO - Page 1: Extracted 45 articles
2025-05-01 01:16:19,374 - INFO - Scraping page 2: https://english.wafa.ps/Pages/LastNews?pageNumber=2
2025-05-01 01:16:20,287 - INFO - Found 45 articles with selector div.post-wrap
2025-05-01 01:16:20,342 - INFO - Page 2: Extracted 45 articles
2025-05-01 01:16:20,342 - INFO - Scraping page 3: https://english.wafa.ps/Pages/LastNews?pageNumber=3
2025-05-01 01:16:21,299 - INFO - Found 45 articles with selector div.post-wrap
2025-05-01 01:16:21,353 - INFO - Page 3: Extracted 45 articles
2025-05-01 01:16:21,353 - INFO - Scraping page 4: https://english.wafa.ps/Pages/LastNews?pageNumber=4
2025-05-01 01:16:22,314 - INFO - Found 45 articles with selector div.post-wrap
2025-05-01 01:16:22,369 - INFO - Page 4: Extracted 45 articles
2025-05-01 01:16:22,369 - INFO - Scraping page 5: https://english.wafa.ps/Pages/LastNews?pageNumber=5
2025-05-01 01:16:23,286 - INFO - Found 45 articles with selector div.post-wrap
2025-05-01 01:16:23,340 - INFO - Page 5: Extracted 45 articles
2025-05-01 01:16:23,947 - INFO - Saved 713 articles to wafa_latest_news.csv
2025-05-01 06:21:41,929 - INFO - Scraping page 1: https://english.wafa.ps/Pages/LastNews?pageNumber=1
2025-05-01 06:21:43,028 - INFO - Found 45 articles with selector div.post-wrap
2025-05-01 06:21:43,098 - INFO - Page 1: Extracted 45 articles
2025-05-01 06:21:43,098 - INFO - Scraping page 2: https://english.wafa.ps/Pages/LastNews?pageNumber=2
2025-05-01 06:21:44,111 - INFO - Found 45 articles with selector div.post-wrap
2025-05-01 06:21:44,166 - INFO - Page 2: Extracted 45 articles
2025-05-01 06:21:44,166 - INFO - Scraping page 3: https://english.wafa.ps/Pages/LastNews?pageNumber=3
2025-05-01 06:21:45,173 - INFO - Found 45 articles with selector div.post-wrap
2025-05-01 06:21:45,227 - INFO - Page 3: Extracted 45 articles
2025-05-01 06:21:45,227 - INFO - Scraping page 4: https://english.wafa.ps/Pages/LastNews?pageNumber=4
2025-05-01 06:21:46,236 - INFO - Found 45 articles with selector div.post-wrap
2025-05-01 06:21:46,291 - INFO - Page 4: Extracted 45 articles
2025-05-01 06:21:46,291 - INFO - Scraping page 5: https://english.wafa.ps/Pages/LastNews?pageNumber=5
2025-05-01 06:21:47,317 - INFO - Found 45 articles with selector div.post-wrap
2025-05-01 06:21:47,374 - INFO - Page 5: Extracted 45 articles
2025-05-01 06:21:48,005 - INFO - Saved 718 articles to wafa_latest_news.csv
2025-05-01 12:28:13,911 - INFO - Scraping page 1: https://english.wafa.ps/Pages/LastNews?pageNumber=1
2025-05-01 12:28:15,511 - INFO - Found 45 articles with selector div.post-wrap
2025-05-01 12:28:15,581 - INFO - Page 1: Extracted 45 articles
2025-05-01 12:28:15,581 - INFO - Scraping page 2: https://english.wafa.ps/Pages/LastNews?pageNumber=2
2025-05-01 12:28:16,891 - INFO - Found 45 articles with selector div.post-wrap
2025-05-01 12:28:16,945 - INFO - Page 2: Extracted 45 articles
2025-05-01 12:28:16,945 - INFO - Scraping page 3: https://english.wafa.ps/Pages/LastNews?pageNumber=3
2025-05-01 12:28:18,066 - INFO - Found 45 articles with selector div.post-wrap
2025-05-01 12:28:18,121 - INFO - Page 3: Extracted 45 articles
2025-05-01 12:28:18,121 - INFO - Scraping page 4: https://english.wafa.ps/Pages/LastNews?pageNumber=4
2025-05-01 12:28:19,368 - INFO - Found 45 articles with selector div.post-wrap
2025-05-01 12:28:19,421 - INFO - Page 4: Extracted 45 articles
2025-05-01 12:28:19,421 - INFO - Scraping page 5: https://english.wafa.ps/Pages/LastNews?pageNumber=5
2025-05-01 12:28:20,684 - INFO - Found 45 articles with selector div.post-wrap
2025-05-01 12:28:20,738 - INFO - Page 5: Extracted 45 articles
2025-05-01 12:28:21,396 - INFO - Saved 745 articles to wafa_latest_news.csv
2025-05-01 18:20:21,036 - INFO - Scraping page 1: https://english.wafa.ps/Pages/LastNews?pageNumber=1
2025-05-01 18:20:22,113 - INFO - Found 47 articles with selector div.post-wrap
2025-05-01 18:20:22,184 - INFO - Page 1: Extracted 47 articles
2025-05-01 18:20:22,184 - INFO - Scraping page 2: https://english.wafa.ps/Pages/LastNews?pageNumber=2
2025-05-01 18:20:23,099 - INFO - Found 47 articles with selector div.post-wrap
2025-05-01 18:20:23,160 - INFO - Page 2: Extracted 47 articles
2025-05-01 18:20:23,160 - INFO - Scraping page 3: https://english.wafa.ps/Pages/LastNews?pageNumber=3
2025-05-01 18:20:24,081 - INFO - Found 47 articles with selector div.post-wrap
2025-05-01 18:20:24,138 - INFO - Page 3: Extracted 47 articles
2025-05-01 18:20:24,138 - INFO - Scraping page 4: https://english.wafa.ps/Pages/LastNews?pageNumber=4
2025-05-01 18:20:25,053 - INFO - Found 47 articles with selector div.post-wrap
2025-05-01 18:20:25,109 - INFO - Page 4: Extracted 47 articles
2025-05-01 18:20:25,109 - INFO - Scraping page 5: https://english.wafa.ps/Pages/LastNews?pageNumber=5
2025-05-01 18:20:26,043 - INFO - Found 47 articles with selector div.post-wrap
2025-05-01 18:20:26,100 - INFO - Page 5: Extracted 47 articles
2025-05-01 18:20:26,767 - INFO - Saved 765 articles to wafa_latest_news.csv
2025-05-02 01:10:17,872 - INFO - Scraping page 1: https://english.wafa.ps/Pages/LastNews?pageNumber=1
2025-05-02 01:10:18,931 - INFO - Found 48 articles with selector div.post-wrap
2025-05-02 01:10:19,012 - INFO - Page 1: Extracted 48 articles
2025-05-02 01:10:19,012 - INFO - Scraping page 2: https://english.wafa.ps/Pages/LastNews?pageNumber=2
2025-05-02 01:10:19,979 - INFO - Found 48 articles with selector div.post-wrap
2025-05-02 01:10:20,043 - INFO - Page 2: Extracted 48 articles
2025-05-02 01:10:20,043 - INFO - Scraping page 3: https://english.wafa.ps/Pages/LastNews?pageNumber=3
2025-05-02 01:10:20,301 - INFO - Found 48 articles with selector div.post-wrap
2025-05-02 01:10:20,358 - INFO - Page 3: Extracted 48 articles
2025-05-02 01:10:20,358 - INFO - Scraping page 4: https://english.wafa.ps/Pages/LastNews?pageNumber=4
2025-05-02 01:10:21,269 - INFO - Found 48 articles with selector div.post-wrap
2025-05-02 01:10:21,325 - INFO - Page 4: Extracted 48 articles
2025-05-02 01:10:21,326 - INFO - Scraping page 5: https://english.wafa.ps/Pages/LastNews?pageNumber=5
2025-05-02 01:10:22,250 - INFO - Found 48 articles with selector div.post-wrap
2025-05-02 01:10:22,307 - INFO - Page 5: Extracted 48 articles
2025-05-02 01:10:22,960 - INFO - Saved 771 articles to wafa_latest_news.csv
2025-05-02 06:20:49,039 - INFO - Scraping page 1: https://english.wafa.ps/Pages/LastNews?pageNumber=1
2025-05-02 06:20:50,592 - INFO - Found 47 articles with selector div.post-wrap
2025-05-02 06:20:50,663 - INFO - Page 1: Extracted 47 articles
2025-05-02 06:20:50,663 - INFO - Scraping page 2: https://english.wafa.ps/Pages/LastNews?pageNumber=2
2025-05-02 06:20:51,954 - INFO - Found 47 articles with selector div.post-wrap
2025-05-02 06:20:52,010 - INFO - Page 2: Extracted 47 articles
2025-05-02 06:20:52,010 - INFO - Scraping page 3: https://english.wafa.ps/Pages/LastNews?pageNumber=3
2025-05-02 06:20:52,885 - INFO - Found 47 articles with selector div.post-wrap
2025-05-02 06:20:52,942 - INFO - Page 3: Extracted 47 articles
2025-05-02 06:20:52,942 - INFO - Scraping page 4: https://english.wafa.ps/Pages/LastNews?pageNumber=4
2025-05-02 06:20:54,298 - INFO - Found 47 articles with selector div.post-wrap
2025-05-02 06:20:54,355 - INFO - Page 4: Extracted 47 articles
2025-05-02 06:20:54,355 - INFO - Scraping page 5: https://english.wafa.ps/Pages/LastNews?pageNumber=5
2025-05-02 06:20:55,707 - INFO - Found 47 articles with selector div.post-wrap
2025-05-02 06:20:55,762 - INFO - Page 5: Extracted 47 articles
2025-05-02 06:20:56,454 - INFO - Saved 774 articles to wafa_latest_news.csv
2025-05-02 12:28:20,674 - INFO - Scraping page 1: https://english.wafa.ps/Pages/LastNews?pageNumber=1
2025-05-02 12:28:22,026 - INFO - Found 48 articles with selector div.post-wrap
2025-05-02 12:28:22,098 - INFO - Page 1: Extracted 48 articles
2025-05-02 12:28:22,098 - INFO - Scraping page 2: https://english.wafa.ps/Pages/LastNews?pageNumber=2
2025-05-02 12:28:23,403 - INFO - Found 48 articles with selector div.post-wrap
2025-05-02 12:28:23,461 - INFO - Page 2: Extracted 48 articles
2025-05-02 12:28:23,461 - INFO - Scraping page 3: https://english.wafa.ps/Pages/LastNews?pageNumber=3
2025-05-02 12:28:24,284 - INFO - Found 48 articles with selector div.post-wrap
2025-05-02 12:28:24,342 - INFO - Page 3: Extracted 48 articles
2025-05-02 12:28:24,342 - INFO - Scraping page 4: https://english.wafa.ps/Pages/LastNews?pageNumber=4
2025-05-02 12:28:25,648 - INFO - Found 48 articles with selector div.post-wrap
2025-05-02 12:28:25,707 - INFO - Page 4: Extracted 48 articles
2025-05-02 12:28:25,707 - INFO - Scraping page 5: https://english.wafa.ps/Pages/LastNews?pageNumber=5
2025-05-02 12:28:27,025 - INFO - Found 48 articles with selector div.post-wrap
2025-05-02 12:28:27,080 - INFO - Page 5: Extracted 48 articles
2025-05-02 12:28:27,784 - INFO - Saved 803 articles to wafa_latest_news.csv
2025-05-02 18:20:02,402 - INFO - Scraping page 1: https://english.wafa.ps/Pages/LastNews?pageNumber=1
2025-05-02 18:20:03,559 - INFO - Found 49 articles with selector div.post-wrap
2025-05-02 18:20:03,630 - INFO - Page 1: Extracted 49 articles
2025-05-02 18:20:03,631 - INFO - Scraping page 2: https://english.wafa.ps/Pages/LastNews?pageNumber=2
2025-05-02 18:20:18,654 - ERROR - Failed to fetch webpage https://english.wafa.ps/Pages/LastNews?pageNumber=2: HTTPSConnectionPool(host='english.wafa.ps', port=443): Read timed out. (read timeout=15)
2025-05-02 18:20:18,654 - INFO - Scraping page 3: https://english.wafa.ps/Pages/LastNews?pageNumber=3
2025-05-02 18:20:18,919 - INFO - Found 49 articles with selector div.post-wrap
2025-05-02 18:20:18,977 - INFO - Page 3: Extracted 49 articles
2025-05-02 18:20:18,977 - INFO - Scraping page 4: https://english.wafa.ps/Pages/LastNews?pageNumber=4
2025-05-02 18:20:20,002 - INFO - Found 49 articles with selector div.post-wrap
2025-05-02 18:20:20,061 - INFO - Page 4: Extracted 49 articles
2025-05-02 18:20:20,061 - INFO - Scraping page 5: https://english.wafa.ps/Pages/LastNews?pageNumber=5
2025-05-02 18:20:21,092 - INFO - Found 49 articles with selector div.post-wrap
2025-05-02 18:20:21,151 - INFO - Page 5: Extracted 49 articles
2025-05-02 18:20:21,876 - INFO - Saved 826 articles to wafa_latest_news.csv
2025-05-03 01:08:45,498 - INFO - Scraping page 1: https://english.wafa.ps/Pages/LastNews?pageNumber=1
2025-05-03 01:08:46,864 - INFO - Found 48 articles with selector div.post-wrap
2025-05-03 01:08:46,937 - INFO - Page 1: Extracted 48 articles
2025-05-03 01:08:46,937 - INFO - Scraping page 2: https://english.wafa.ps/Pages/LastNews?pageNumber=2
2025-05-03 01:08:48,106 - INFO - Found 48 articles with selector div.post-wrap
2025-05-03 01:08:48,164 - INFO - Page 2: Extracted 48 articles
2025-05-03 01:08:48,164 - INFO - Scraping page 3: https://english.wafa.ps/Pages/LastNews?pageNumber=3
2025-05-03 01:08:49,320 - INFO - Found 48 articles with selector div.post-wrap
2025-05-03 01:08:49,379 - INFO - Page 3: Extracted 48 articles
2025-05-03 01:08:49,379 - INFO - Scraping page 4: https://english.wafa.ps/Pages/LastNews?pageNumber=4
2025-05-03 01:08:50,581 - INFO - Found 48 articles with selector div.post-wrap
2025-05-03 01:08:50,639 - INFO - Page 4: Extracted 48 articles
2025-05-03 01:08:50,639 - INFO - Scraping page 5: https://english.wafa.ps/Pages/LastNews?pageNumber=5
2025-05-03 01:08:51,860 - INFO - Found 48 articles with selector div.post-wrap
2025-05-03 01:08:51,920 - INFO - Page 5: Extracted 48 articles
2025-05-03 01:08:52,626 - INFO - Saved 829 articles to wafa_latest_news.csv
2025-05-03 06:19:04,348 - INFO - Scraping page 1: https://english.wafa.ps/Pages/LastNews?pageNumber=1
2025-05-03 06:19:05,596 - INFO - Found 48 articles with selector div.post-wrap
2025-05-03 06:19:05,667 - INFO - Page 1: Extracted 48 articles
2025-05-03 06:19:05,667 - INFO - Scraping page 2: https://english.wafa.ps/Pages/LastNews?pageNumber=2
2025-05-03 06:19:06,676 - INFO - Found 48 articles with selector div.post-wrap
2025-05-03 06:19:06,734 - INFO - Page 2: Extracted 48 articles
2025-05-03 06:19:06,734 - INFO - Scraping page 3: https://english.wafa.ps/Pages/LastNews?pageNumber=3
2025-05-03 06:19:07,766 - INFO - Found 48 articles with selector div.post-wrap
2025-05-03 06:19:07,826 - INFO - Page 3: Extracted 48 articles
2025-05-03 06:19:07,826 - INFO - Scraping page 4: https://english.wafa.ps/Pages/LastNews?pageNumber=4
2025-05-03 06:19:08,846 - INFO - Found 48 articles with selector div.post-wrap
2025-05-03 06:19:08,904 - INFO - Page 4: Extracted 48 articles
2025-05-03 06:19:08,904 - INFO - Scraping page 5: https://english.wafa.ps/Pages/LastNews?pageNumber=5
2025-05-03 06:19:09,955 - INFO - Found 48 articles with selector div.post-wrap
2025-05-03 06:19:10,013 - INFO - Page 5: Extracted 48 articles
2025-05-03 06:19:10,716 - INFO - Saved 832 articles to wafa_latest_news.csv
2025-05-03 12:25:59,995 - INFO - Scraping page 1: https://english.wafa.ps/Pages/LastNews?pageNumber=1
2025-05-03 12:26:01,071 - INFO - Found 45 articles with selector div.post-wrap
2025-05-03 12:26:01,139 - INFO - Page 1: Extracted 45 articles
2025-05-03 12:26:01,139 - INFO - Scraping page 2: https://english.wafa.ps/Pages/LastNews?pageNumber=2
2025-05-03 12:26:02,048 - INFO - Found 45 articles with selector div.post-wrap
2025-05-03 12:26:02,100 - INFO - Page 2: Extracted 45 articles
2025-05-03 12:26:02,100 - INFO - Scraping page 3: https://english.wafa.ps/Pages/LastNews?pageNumber=3
2025-05-03 12:26:03,020 - INFO - Found 45 articles with selector div.post-wrap
2025-05-03 12:26:03,074 - INFO - Page 3: Extracted 45 articles
2025-05-03 12:26:03,074 - INFO - Scraping page 4: https://english.wafa.ps/Pages/LastNews?pageNumber=4
2025-05-03 12:26:03,996 - INFO - Found 45 articles with selector div.post-wrap
2025-05-03 12:26:04,051 - INFO - Page 4: Extracted 45 articles
2025-05-03 12:26:04,051 - INFO - Scraping page 5: https://english.wafa.ps/Pages/LastNews?pageNumber=5
2025-05-03 12:26:04,964 - INFO - Found 45 articles with selector div.post-wrap
2025-05-03 12:26:05,016 - INFO - Page 5: Extracted 45 articles
2025-05-03 12:26:05,719 - INFO - Saved 854 articles to wafa_latest_news.csv
2025-05-03 18:18:19,889 - INFO - Scraping page 1: https://english.wafa.ps/Pages/LastNews?pageNumber=1
2025-05-03 18:18:20,967 - INFO - Found 41 articles with selector div.post-wrap
2025-05-03 18:18:21,031 - INFO - Page 1: Extracted 41 articles
2025-05-03 18:18:21,031 - INFO - Scraping page 2: https://english.wafa.ps/Pages/LastNews?pageNumber=2
2025-05-03 18:18:22,007 - INFO - Found 41 articles with selector div.post-wrap
2025-05-03 18:18:22,056 - INFO - Page 2: Extracted 41 articles
2025-05-03 18:18:22,056 - INFO - Scraping page 3: https://english.wafa.ps/Pages/LastNews?pageNumber=3
2025-05-03 18:18:22,976 - INFO - Found 41 articles with selector div.post-wrap
2025-05-03 18:18:23,026 - INFO - Page 3: Extracted 41 articles
2025-05-03 18:18:23,026 - INFO - Scraping page 4: https://english.wafa.ps/Pages/LastNews?pageNumber=4
2025-05-03 18:18:23,954 - INFO - Found 41 articles with selector div.post-wrap
2025-05-03 18:18:24,005 - INFO - Page 4: Extracted 41 articles
2025-05-03 18:18:24,005 - INFO - Scraping page 5: https://english.wafa.ps/Pages/LastNews?pageNumber=5
2025-05-03 18:18:24,914 - INFO - Found 41 articles with selector div.post-wrap
2025-05-03 18:18:24,965 - INFO - Page 5: Extracted 41 articles
2025-05-03 18:18:25,726 - INFO - Saved 869 articles to wafa_latest_news.csv
2025-05-04 01:17:02,876 - INFO - Scraping page 1: https://english.wafa.ps/Pages/LastNews?pageNumber=1
2025-05-04 01:17:04,423 - INFO - Found 41 articles with selector div.post-wrap
2025-05-04 01:17:04,487 - INFO - Page 1: Extracted 41 articles
2025-05-04 01:17:04,487 - INFO - Scraping page 2: https://english.wafa.ps/Pages/LastNews?pageNumber=2
2025-05-04 01:17:05,902 - INFO - Found 41 articles with selector div.post-wrap
2025-05-04 01:17:05,951 - INFO - Page 2: Extracted 41 articles
2025-05-04 01:17:05,951 - INFO - Scraping page 3: https://english.wafa.ps/Pages/LastNews?pageNumber=3
2025-05-04 01:17:07,276 - INFO - Found 41 articles with selector div.post-wrap
2025-05-04 01:17:07,326 - INFO - Page 3: Extracted 41 articles
2025-05-04 01:17:07,326 - INFO - Scraping page 4: https://english.wafa.ps/Pages/LastNews?pageNumber=4
2025-05-04 01:17:08,686 - INFO - Found 41 articles with selector div.post-wrap
2025-05-04 01:17:08,737 - INFO - Page 4: Extracted 41 articles
2025-05-04 01:17:08,737 - INFO - Scraping page 5: https://english.wafa.ps/Pages/LastNews?pageNumber=5
2025-05-04 01:17:09,139 - INFO - Found 41 articles with selector div.post-wrap
2025-05-04 01:17:09,189 - INFO - Page 5: Extracted 41 articles
2025-05-04 01:17:09,956 - INFO - Saved 870 articles to wafa_latest_news.csv
2025-05-04 06:20:01,179 - INFO - Scraping page 1: https://english.wafa.ps/Pages/LastNews?pageNumber=1
2025-05-04 06:20:02,436 - INFO - Found 43 articles with selector div.post-wrap
2025-05-04 06:20:02,501 - INFO - Page 1: Extracted 43 articles
2025-05-04 06:20:02,501 - INFO - Scraping page 2: https://english.wafa.ps/Pages/LastNews?pageNumber=2
2025-05-04 06:20:03,558 - INFO - Found 43 articles with selector div.post-wrap
2025-05-04 06:20:03,608 - INFO - Page 2: Extracted 43 articles
2025-05-04 06:20:03,608 - INFO - Scraping page 3: https://english.wafa.ps/Pages/LastNews?pageNumber=3
2025-05-04 06:20:04,644 - INFO - Found 43 articles with selector div.post-wrap
2025-05-04 06:20:04,696 - INFO - Page 3: Extracted 43 articles
2025-05-04 06:20:04,696 - INFO - Scraping page 4: https://english.wafa.ps/Pages/LastNews?pageNumber=4
2025-05-04 06:20:05,714 - INFO - Found 43 articles with selector div.post-wrap
2025-05-04 06:20:05,766 - INFO - Page 4: Extracted 43 articles
2025-05-04 06:20:05,766 - INFO - Scraping page 5: https://english.wafa.ps/Pages/LastNews?pageNumber=5
2025-05-04 06:20:06,812 - INFO - Found 43 articles with selector div.post-wrap
2025-05-04 06:20:06,863 - INFO - Page 5: Extracted 43 articles
2025-05-04 06:20:07,602 - INFO - Saved 879 articles to wafa_latest_news.csv
2025-05-04 12:26:47,973 - INFO - Scraping page 1: https://english.wafa.ps/Pages/LastNews?pageNumber=1
2025-05-04 12:26:49,038 - INFO - Found 44 articles with selector div.post-wrap
2025-05-04 12:26:49,108 - INFO - Page 1: Extracted 44 articles
2025-05-04 12:26:49,108 - INFO - Scraping page 2: https://english.wafa.ps/Pages/LastNews?pageNumber=2
2025-05-04 12:26:50,037 - INFO - Found 44 articles with selector div.post-wrap
2025-05-04 12:26:50,090 - INFO - Page 2: Extracted 44 articles
2025-05-04 12:26:50,090 - INFO - Scraping page 3: https://english.wafa.ps/Pages/LastNews?pageNumber=3
2025-05-04 12:26:51,125 - INFO - Found 44 articles with selector div.post-wrap
2025-05-04 12:26:51,178 - INFO - Page 3: Extracted 44 articles
2025-05-04 12:26:51,178 - INFO - Scraping page 4: https://english.wafa.ps/Pages/LastNews?pageNumber=4
2025-05-04 12:26:52,125 - INFO - Found 44 articles with selector div.post-wrap
2025-05-04 12:26:52,179 - INFO - Page 4: Extracted 44 articles
2025-05-04 12:26:52,179 - INFO - Scraping page 5: https://english.wafa.ps/Pages/LastNews?pageNumber=5
2025-05-04 12:26:53,123 - INFO - Found 44 articles with selector div.post-wrap
2025-05-04 12:26:53,178 - INFO - Page 5: Extracted 44 articles
2025-05-04 12:26:53,978 - INFO - Saved 904 articles to wafa_latest_news.csv
2025-05-04 18:18:21,823 - INFO - Scraping page 1: https://english.wafa.ps/Pages/LastNews?pageNumber=1
2025-05-04 18:18:22,884 - INFO - Found 44 articles with selector div.post-wrap
2025-05-04 18:18:22,954 - INFO - Page 1: Extracted 44 articles
2025-05-04 18:18:22,954 - INFO - Scraping page 2: https://english.wafa.ps/Pages/LastNews?pageNumber=2
2025-05-04 18:18:23,878 - INFO - Found 44 articles with selector div.post-wrap
2025-05-04 18:18:23,929 - INFO - Page 2: Extracted 44 articles
2025-05-04 18:18:23,929 - INFO - Scraping page 3: https://english.wafa.ps/Pages/LastNews?pageNumber=3
2025-05-04 18:18:24,869 - INFO - Found 44 articles with selector div.post-wrap
2025-05-04 18:18:24,921 - INFO - Page 3: Extracted 44 articles
2025-05-04 18:18:24,921 - INFO - Scraping page 4: https://english.wafa.ps/Pages/LastNews?pageNumber=4
2025-05-04 18:18:25,854 - INFO - Found 44 articles with selector div.post-wrap
2025-05-04 18:18:25,908 - INFO - Page 4: Extracted 44 articles
2025-05-04 18:18:25,908 - INFO - Scraping page 5: https://english.wafa.ps/Pages/LastNews?pageNumber=5
2025-05-04 18:18:26,958 - INFO - Found 44 articles with selector div.post-wrap
2025-05-04 18:18:27,014 - INFO - Page 5: Extracted 44 articles
2025-05-04 18:18:27,806 - INFO - Saved 913 articles to wafa_latest_news.csv
2025-05-05 01:13:22,340 - INFO - Scraping page 1: https://english.wafa.ps/Pages/LastNews?pageNumber=1
2025-05-05 01:13:23,426 - INFO - Found 43 articles with selector div.post-wrap
2025-05-05 01:13:23,492 - INFO - Page 1: Extracted 43 articles
2025-05-05 01:13:23,492 - INFO - Scraping page 2: https://english.wafa.ps/Pages/LastNews?pageNumber=2
2025-05-05 01:13:24,451 - INFO - Found 43 articles with selector div.post-wrap
2025-05-05 01:13:24,502 - INFO - Page 2: Extracted 43 articles
2025-05-05 01:13:24,502 - INFO - Scraping page 3: https://english.wafa.ps/Pages/LastNews?pageNumber=3
2025-05-05 01:13:24,751 - INFO - Found 43 articles with selector div.post-wrap
2025-05-05 01:13:24,802 - INFO - Page 3: Extracted 43 articles
2025-05-05 01:13:24,802 - INFO - Scraping page 4: https://english.wafa.ps/Pages/LastNews?pageNumber=4
2025-05-05 01:13:25,756 - INFO - Found 43 articles with selector div.post-wrap
2025-05-05 01:13:25,808 - INFO - Page 4: Extracted 43 articles
2025-05-05 01:13:25,808 - INFO - Scraping page 5: https://english.wafa.ps/Pages/LastNews?pageNumber=5
2025-05-05 01:13:26,724 - INFO - Found 43 articles with selector div.post-wrap
2025-05-05 01:13:26,777 - INFO - Page 5: Extracted 43 articles
2025-05-05 01:13:27,588 - INFO - Saved 913 articles to wafa_latest_news.csv
2025-05-05 06:22:10,214 - INFO - Scraping page 1: https://english.wafa.ps/Pages/LastNews?pageNumber=1
2025-05-05 06:22:11,290 - INFO - Found 48 articles with selector div.post-wrap
2025-05-05 06:22:11,362 - INFO - Page 1: Extracted 48 articles
2025-05-05 06:22:11,362 - INFO - Scraping page 2: https://english.wafa.ps/Pages/LastNews?pageNumber=2
2025-05-05 06:22:12,302 - INFO - Found 48 articles with selector div.post-wrap
2025-05-05 06:22:12,359 - INFO - Page 2: Extracted 48 articles
2025-05-05 06:22:12,359 - INFO - Scraping page 3: https://english.wafa.ps/Pages/LastNews?pageNumber=3
2025-05-05 06:22:13,300 - INFO - Found 48 articles with selector div.post-wrap
2025-05-05 06:22:13,356 - INFO - Page 3: Extracted 48 articles
2025-05-05 06:22:13,356 - INFO - Scraping page 4: https://english.wafa.ps/Pages/LastNews?pageNumber=4
2025-05-05 06:22:14,308 - INFO - Found 48 articles with selector div.post-wrap
2025-05-05 06:22:14,365 - INFO - Page 4: Extracted 48 articles
2025-05-05 06:22:14,365 - INFO - Scraping page 5: https://english.wafa.ps/Pages/LastNews?pageNumber=5
2025-05-05 06:22:15,280 - INFO - Found 48 articles with selector div.post-wrap
2025-05-05 06:22:15,339 - INFO - Page 5: Extracted 48 articles
2025-05-05 06:22:16,118 - INFO - Saved 929 articles to wafa_latest_news.csv
2025-05-05 12:29:29,379 - INFO - Scraping page 1: https://english.wafa.ps/Pages/LastNews?pageNumber=1
2025-05-05 12:29:30,571 - INFO - Found 48 articles with selector div.post-wrap
2025-05-05 12:29:30,642 - INFO - Page 1: Extracted 48 articles
2025-05-05 12:29:30,642 - INFO - Scraping page 2: https://english.wafa.ps/Pages/LastNews?pageNumber=2
2025-05-05 12:29:31,671 - INFO - Found 48 articles with selector div.post-wrap
2025-05-05 12:29:31,728 - INFO - Page 2: Extracted 48 articles
2025-05-05 12:29:31,729 - INFO - Scraping page 3: https://english.wafa.ps/Pages/LastNews?pageNumber=3
2025-05-05 12:29:32,784 - INFO - Found 48 articles with selector div.post-wrap
2025-05-05 12:29:32,839 - INFO - Page 3: Extracted 48 articles
2025-05-05 12:29:32,839 - INFO - Scraping page 4: https://english.wafa.ps/Pages/LastNews?pageNumber=4
2025-05-05 12:29:33,863 - INFO - Found 48 articles with selector div.post-wrap
2025-05-05 12:29:33,919 - INFO - Page 4: Extracted 48 articles
2025-05-05 12:29:33,919 - INFO - Scraping page 5: https://english.wafa.ps/Pages/LastNews?pageNumber=5
2025-05-05 12:29:34,984 - INFO - Found 48 articles with selector div.post-wrap
2025-05-05 12:29:35,041 - INFO - Page 5: Extracted 48 articles
2025-05-05 12:29:35,875 - INFO - Saved 955 articles to wafa_latest_news.csv
2025-05-05 18:17:23,866 - INFO - Scraping page 1: https://english.wafa.ps/Pages/LastNews?pageNumber=1
2025-05-05 18:17:25,042 - INFO - Found 56 articles with selector div.post-wrap
2025-05-05 18:17:25,123 - INFO - Page 1: Extracted 56 articles
2025-05-05 18:17:25,123 - INFO - Scraping page 2: https://english.wafa.ps/Pages/LastNews?pageNumber=2
2025-05-05 18:17:26,176 - INFO - Found 56 articles with selector div.post-wrap
2025-05-05 18:17:26,242 - INFO - Page 2: Extracted 56 articles
2025-05-05 18:17:26,242 - INFO - Scraping page 3: https://english.wafa.ps/Pages/LastNews?pageNumber=3
2025-05-05 18:17:27,314 - INFO - Found 56 articles with selector div.post-wrap
2025-05-05 18:17:27,379 - INFO - Page 3: Extracted 56 articles
2025-05-05 18:17:27,379 - INFO - Scraping page 4: https://english.wafa.ps/Pages/LastNews?pageNumber=4
2025-05-05 18:17:28,427 - INFO - Found 56 articles with selector div.post-wrap
2025-05-05 18:17:28,492 - INFO - Page 4: Extracted 56 articles
2025-05-05 18:17:28,492 - INFO - Scraping page 5: https://english.wafa.ps/Pages/LastNews?pageNumber=5
2025-05-05 18:17:29,559 - INFO - Found 56 articles with selector div.post-wrap
2025-05-05 18:17:29,627 - INFO - Page 5: Extracted 56 articles
2025-05-05 18:17:30,452 - INFO - Saved 985 articles to wafa_latest_news.csv
2025-05-06 01:10:49,240 - INFO - Scraping page 1: https://english.wafa.ps/Pages/LastNews?pageNumber=1
2025-05-06 01:10:50,309 - INFO - Found 56 articles with selector div.post-wrap
2025-05-06 01:10:50,390 - INFO - Page 1: Extracted 56 articles
2025-05-06 01:10:50,391 - INFO - Scraping page 2: https://english.wafa.ps/Pages/LastNews?pageNumber=2
2025-05-06 01:10:51,336 - INFO - Found 56 articles with selector div.post-wrap
2025-05-06 01:10:51,401 - INFO - Page 2: Extracted 56 articles
2025-05-06 01:10:51,401 - INFO - Scraping page 3: https://english.wafa.ps/Pages/LastNews?pageNumber=3
2025-05-06 01:10:52,690 - INFO - Found 56 articles with selector div.post-wrap
2025-05-06 01:10:52,756 - INFO - Page 3: Extracted 56 articles
2025-05-06 01:10:52,756 - INFO - Scraping page 4: https://english.wafa.ps/Pages/LastNews?pageNumber=4
2025-05-06 01:10:53,718 - INFO - Found 56 articles with selector div.post-wrap
2025-05-06 01:10:53,783 - INFO - Page 4: Extracted 56 articles
2025-05-06 01:10:53,783 - INFO - Scraping page 5: https://english.wafa.ps/Pages/LastNews?pageNumber=5
2025-05-06 01:10:54,732 - INFO - Found 56 articles with selector div.post-wrap
2025-05-06 01:10:54,799 - INFO - Page 5: Extracted 56 articles
2025-05-06 01:10:55,701 - INFO - Saved 985 articles to wafa_latest_news.csv
